# JRE version: OpenJDK Runtime Environment AdoptOpenJDK (15.0.2+7) (build 15.0.2+7)
# Java VM: OpenJDK 64-Bit Server VM AdoptOpenJDK (15.0.2+7, mixed mode, sharing, tiered, compressed oops, g1 gc, windows-amd64)
GC Precious Log:
 CPUs: 8 total, 8 available
 Memory: 16346M
 Large Page Support: Disabled
 NUMA Support: Disabled
 Compressed Oops: Enabled (Zero based)
 Heap Region Size: 2M
 Heap Min Capacity: 8M
 Heap Initial Capacity: 256M
 Heap Max Capacity: 4088M
 Pre-touch: Disabled
 Parallel Workers: 8
 Concurrent Workers: 2
 Concurrent Refinement Workers: 8
 Periodic GC: Disabled
Heap:
 garbage-first heap   total 59392K, used 21377K [0x0000000700800000, 0x0000000800000000)
  region size 2048K, 3 young (6144K), 2 survivors (4096K)
 Metaspace       used 24507K, capacity 24680K, committed 25136K, reserved 1073152K
  class space    used 2280K, capacity 2342K, committed 2432K, reserved 1048576K
GC Heap History (8 events):
Event: 1.225 GC heap before
{Heap before GC invocations=0 (full 0):
 garbage-first heap   total 262144K, used 20480K [0x0000000700800000, 0x0000000800000000)
  region size 2048K, 11 young (22528K), 0 survivors (0K)
 Metaspace       used 13318K, capacity 13513K, committed 13696K, reserved 1060864K
  class space    used 1561K, capacity 1625K, committed 1664K, reserved 1048576K
}
Event: 1.230 GC heap after
{Heap after GC invocations=1 (full 0):
 garbage-first heap   total 262144K, used 8161K [0x0000000700800000, 0x0000000800000000)
  region size 2048K, 2 young (4096K), 2 survivors (4096K)
 Metaspace       used 13318K, capacity 13513K, committed 13696K, reserved 1060864K
  class space    used 1561K, capacity 1625K, committed 1664K, reserved 1048576K
}
Event: 1.693 GC heap before
{Heap before GC invocations=1 (full 0):
 garbage-first heap   total 262144K, used 16353K [0x0000000700800000, 0x0000000800000000)
  region size 2048K, 7 young (14336K), 2 survivors (4096K)
 Metaspace       used 15849K, capacity 16041K, committed 16256K, reserved 1062912K
  class space    used 1763K, capacity 1828K, committed 1920K, reserved 1048576K
}
Event: 1.696 GC heap after
{Heap after GC invocations=2 (full 0):
 garbage-first heap   total 262144K, used 9835K [0x0000000700800000, 0x0000000800000000)
  region size 2048K, 1 young (2048K), 1 survivors (2048K)
 Metaspace       used 15849K, capacity 16041K, committed 16256K, reserved 1062912K
  class space    used 1763K, capacity 1828K, committed 1920K, reserved 1048576K
}
Event: 1.956 GC heap before
{Heap before GC invocations=2 (full 0):
 garbage-first heap   total 262144K, used 24171K [0x0000000700800000, 0x0000000800000000)
  region size 2048K, 9 young (18432K), 1 survivors (2048K)
 Metaspace       used 20830K, capacity 21020K, committed 21296K, reserved 1069056K
  class space    used 2030K, capacity 2084K, committed 2176K, reserved 1048576K
}
Event: 1.957 GC heap after
{Heap after GC invocations=3 (full 0):
 garbage-first heap   total 262144K, used 10465K [0x0000000700800000, 0x0000000800000000)
  region size 2048K, 2 young (4096K), 2 survivors (4096K)
 Metaspace       used 20830K, capacity 21020K, committed 21296K, reserved 1069056K
  class space    used 2030K, capacity 2084K, committed 2176K, reserved 1048576K
}
Event: 6.923 GC heap before
{Heap before GC invocations=4 (full 0):
 garbage-first heap   total 55296K, used 49377K [0x0000000700800000, 0x0000000800000000)
  region size 2048K, 17 young (34816K), 2 survivors (4096K)
 Metaspace       used 24136K, capacity 24360K, committed 24624K, reserved 1071104K
  class space    used 2259K, capacity 2342K, committed 2432K, reserved 1048576K
}
Event: 6.924 GC heap after
{Heap after GC invocations=5 (full 0):
 garbage-first heap   total 59392K, used 21377K [0x0000000700800000, 0x0000000800000000)
  region size 2048K, 2 young (4096K), 2 survivors (4096K)
 Metaspace       used 24136K, capacity 24360K, committed 24624K, reserved 1071104K
  class space    used 2259K, capacity 2342K, committed 2432K, reserved 1048576K
}

